<?xml version="1.0" encoding="UTF-8"?>
<!-- Generated by org.testng.reporters.JUnitXMLReporter -->
<testsuite ignored="0" hostname="DESKTOP-QV9Q0SU" failures="0" tests="3" name="Test1" time="140.269" errors="0" timestamp="2026-05-05T13:49:15 IST">
  <testcase classname="Contact_module.Createcontact_moduletest" name="CreateContact_WithSupportdates_test" time="40.802"/>
  <testcase classname="Contact_module.Createcontact_moduletest" name="CreateContact_With_orgnametest" time="73.706"/>
  <testcase classname="Contact_module.Createcontact_moduletest" name="CreateContact_Withlastname_test" time="25.699"/>
</testsuite> <!-- Test1 -->
