<?xml version="1.0" encoding="UTF-8"?>
<!-- Generated by org.testng.reporters.JUnitXMLReporter -->
<testsuite ignored="0" hostname="DESKTOP-QV9Q0SU" failures="0" tests="3" name="Test2" time="111.047" errors="0" timestamp="2026-05-05T13:48:46 IST">
  <testcase classname="Organization_module.Createorganization_moduletest" name="Createorgname_With_Industery_Typetest" time="42.844"/>
  <testcase classname="Organization_module.Createorganization_moduletest" name="Createorgname_Withphonenumber_test" time="36.322"/>
  <testcase classname="Organization_module.Createorganization_moduletest" name="Createorgname_test" time="31.774"/>
</testsuite> <!-- Test2 -->
