<?xml version="1.0" encoding="UTF-8"?>
<!-- Generated by org.testng.reporters.JUnitXMLReporter -->
<testsuite ignored="4" hostname="DESKTOP-QV9Q0SU" failures="0" tests="7" name="Test-firefox" time="137.276" errors="0" timestamp="2026-05-08T22:59:38 IST">
  <testcase classname="Organization_module.Createorganization_moduletest" name="Createorgname_With_Industery_Typetest" time="27.06"/>
  <testcase classname="Organization_module.Createorganization_moduletest" name="Createorgname_Withphonenumber_test" time="19.137"/>
  <testcase classname="Organization_module.Createorganization_moduletest" name="Createorgname_test" time="0.001">
    <skipped/>
  </testcase> <!-- Createorgname_test -->
  <testcase classname="Contact_module.Createcontact_moduletest" name="CreateContact_WithSupportdates_test" time="19.886">
    <skipped/>
  </testcase> <!-- CreateContact_WithSupportdates_test -->
  <testcase classname="Contact_module.Createcontact_moduletest" name="CreateContact_WithSupportdates_test" time="20.728"/>
  <testcase classname="Contact_module.Createcontact_moduletest" name="CreateContact_With_orgnametest" time="0.0">
    <skipped/>
  </testcase> <!-- CreateContact_With_orgnametest -->
  <testcase classname="Contact_module.Createcontact_moduletest" name="CreateContact_Withlastname_test" time="0.0">
    <skipped/>
  </testcase> <!-- CreateContact_Withlastname_test -->
  <testcase classname="Baseclass_utility.Baseclass" name="@AfterSuite Disconnect_db" time="0.0">
    <ignored/>
  </testcase> <!-- @AfterSuite Disconnect_db -->
  <testcase classname="Baseclass_utility.Baseclass" name="@BeforeSuite connectwithdb" time="0.0">
    <ignored/>
  </testcase> <!-- @BeforeSuite connectwithdb -->
  <testcase classname="Baseclass_utility.Baseclass" name="@BeforeTest configParallelExe" time="0.0">
    <ignored/>
  </testcase> <!-- @BeforeTest configParallelExe -->
  <testcase classname="Baseclass_utility.Baseclass" name="@AfterTest closeconfigpe" time="0.0">
    <ignored/>
  </testcase> <!-- @AfterTest closeconfigpe -->
</testsuite> <!-- Test-firefox -->
