<?xml version="1.0" encoding="UTF-8"?>
<!-- Generated by org.testng.reporters.JUnitReportReporter -->
<testsuite hostname="DESKTOP-QV9Q0SU" failures="0" tests="3" name="Organization_module.Createorganization_moduletest" time="61.797" errors="0" timestamp="2026-05-11T15:29:06 IST" skipped="0">
  <testcase classname="Organization_module.Createorganization_moduletest" name="Createorgname_Withphonenumber_test" time="22.657"/>
  <testcase classname="Organization_module.Createorganization_moduletest" name="Createorgname_With_Industery_Typetest" time="19.995"/>
  <testcase classname="Organization_module.Createorganization_moduletest" name="Createorgname_test" time="19.145"/>
  <system-out>
    <![CDATA[suite execution started -adv report configuration
connected with database
configured the parallel exe
Launching browser
Logged into the application
Logged out of the application
Logged into the application
Logged out of the application
Logged into the application
Logged out of the application
quitting the browser
Launching browser
Logged into the application
Logged out of the application
Logged into the application
Logged out of the application
Logged into the application
Logged out of the application
quitting the browser
close config of parallel exe
Disconnected with database]]>
  </system-out>
</testsuite> <!-- Organization_module.Createorganization_moduletest -->
